<?xml version="1.0" encoding="utf-8"?><testsuites name="pytest tests"><testsuite name="pytest" errors="0" failures="0" skipped="0" tests="11" time="0.635" timestamp="2026-02-06T16:49:23.900875+00:00" hostname="agent-env-18501646-b8b2-41df-be6e-4b130b2d7bcd"><testcase classname="backend.tests.test_runetic_iteration10.TestAuthEndpoints" name="test_admin_login_success" time="0.085" /><testcase classname="backend.tests.test_runetic_iteration10.TestAuthEndpoints" name="test_mayorista_login_success" time="0.041" /><testcase classname="backend.tests.test_runetic_iteration10.TestAuthEndpoints" name="test_invalid_login" time="0.033" /><testcase classname="backend.tests.test_runetic_iteration10.TestCashOnDeliveryFlow" name="test_create_cod_order_generates_token" time="0.096" /><testcase classname="backend.tests.test_runetic_iteration10.TestBankTransferFlow" name="test_create_transfer_order_no_token" time="0.080" /><testcase classname="backend.tests.test_runetic_iteration10.TestProductEndpoints" name="test_get_products_list" time="0.039" /><testcase classname="backend.tests.test_runetic_iteration10.TestProductEndpoints" name="test_get_featured_products" time="0.040" /><testcase classname="backend.tests.test_runetic_iteration10.TestProductEndpoints" name="test_get_on_sale_products" time="0.038" /><testcase classname="backend.tests.test_runetic_iteration10.TestProductEndpoints" name="test_get_seasonal_products" time="0.038" /><testcase classname="backend.tests.test_runetic_iteration10.TestDiscountCodeEndpoints" name="test_validate_invalid_code" time="0.037" /><testcase classname="backend.tests.test_runetic_iteration10.TestHealthEndpoint" name="test_health_check" time="0.037" /></testsuite></testsuites>