<?xml version="1.0" encoding="utf-8"?><testsuites name="pytest tests"><testsuite name="pytest" errors="0" failures="0" skipped="0" tests="12" time="1.600" timestamp="2026-02-02T16:40:57.518735+00:00" hostname="agent-env-f6e506c0-1a8d-4c38-bc60-ffbf8b26c680"><testcase classname="backend.tests.test_runetic_e2e.TestProductsAPI" name="test_get_products_list" time="0.071" /><testcase classname="backend.tests.test_runetic_e2e.TestProductsAPI" name="test_product_has_required_fields" time="0.041" /><testcase classname="backend.tests.test_runetic_e2e.TestProductsAPI" name="test_get_single_product" time="0.081" /><testcase classname="backend.tests.test_runetic_e2e.TestAuthAPI" name="test_admin_login_success" time="0.037" /><testcase classname="backend.tests.test_runetic_e2e.TestAuthAPI" name="test_admin_login_invalid_credentials" time="0.037" /><testcase classname="backend.tests.test_runetic_e2e.TestOrdersAPI" name="test_create_order" time="0.122" /><testcase classname="backend.tests.test_runetic_e2e.TestOrdersAPI" name="test_get_orders_list" time="0.085" /><testcase classname="backend.tests.test_runetic_e2e.TestExternalPaymentBackend" name="test_payment_backend_health" time="0.165" /><testcase classname="backend.tests.test_runetic_e2e.TestExternalPaymentBackend" name="test_payment_endpoint_exists" time="0.476" /><testcase classname="backend.tests.test_runetic_e2e.TestExternalPaymentBackend" name="test_payment_request_format" time="0.315" /><testcase classname="backend.tests.test_runetic_e2e.TestWholesaleAPI" name="test_get_wholesale_tiers" time="0.040" /><testcase classname="backend.tests.test_runetic_e2e.TestDiscountCodesAPI" name="test_get_discount_codes" time="0.069" /></testsuite></testsuites>