<?xml version="1.0" encoding="utf-8"?><testsuites name="pytest tests"><testsuite name="pytest" errors="0" failures="0" skipped="0" tests="6" time="0.349" timestamp="2026-02-03T17:05:31.821367+00:00" hostname="agent-env-f528e4b1-d657-4378-8498-ddbfe85484af"><testcase classname="backend.tests.test_discount_code.TestDiscountCodeValidation" name="test_validate_valid_code_test10" time="0.059" /><testcase classname="backend.tests.test_discount_code.TestDiscountCodeValidation" name="test_validate_code_case_insensitive" time="0.036" /><testcase classname="backend.tests.test_discount_code.TestDiscountCodeValidation" name="test_validate_invalid_code" time="0.035" /><testcase classname="backend.tests.test_discount_code.TestDiscountCodeValidation" name="test_validate_empty_code" time="0.035" /><testcase classname="backend.tests.test_discount_code.TestDiscountCodeValidation" name="test_validate_code_missing_body" time="0.036" /><testcase classname="backend.tests.test_discount_code.TestDiscountCodeWithOrder" name="test_order_with_valid_discount_code" time="0.079" /></testsuite></testsuites>