<?xml version="1.0" encoding="utf-8"?><testsuites name="pytest tests"><testsuite name="pytest" errors="0" failures="0" skipped="0" tests="11" time="0.657" timestamp="2026-02-07T20:00:40.959248+00:00" hostname="agent-env-14ec23b0-b102-44df-ae20-8ef302558e3e"><testcase classname="tests.test_runetic_checkout.TestProductsAPI" name="test_get_products" time="0.079" /><testcase classname="tests.test_runetic_checkout.TestProductsAPI" name="test_get_featured_products" time="0.039" /><testcase classname="tests.test_runetic_checkout.TestProductsAPI" name="test_get_product_by_id" time="0.080" /><testcase classname="tests.test_runetic_checkout.TestOrdersAPI" name="test_create_retail_order_with_cod" time="0.039" /><testcase classname="tests.test_runetic_checkout.TestOrdersAPI" name="test_create_retail_order_6_items_free_shipping" time="0.041" /><testcase classname="tests.test_runetic_checkout.TestAuthentication" name="test_admin_login" time="0.078" /><testcase classname="tests.test_runetic_checkout.TestAuthentication" name="test_mayorista_login" time="0.077" /><testcase classname="tests.test_runetic_checkout.TestAuthentication" name="test_invalid_login" time="0.036" /><testcase classname="tests.test_runetic_checkout.TestWholesaleShipping" name="test_wholesale_order_always_pays_shipping" time="0.038" /><testcase classname="tests.test_runetic_checkout.TestBannersAPI" name="test_get_banners" time="0.039" /><testcase classname="tests.test_runetic_checkout.TestDiscountCodes" name="test_validate_invalid_code" time="0.042" /></testsuite></testsuites>