<?xml version="1.0" encoding="utf-8"?><testsuites name="pytest tests"><testsuite name="pytest" errors="0" failures="0" skipped="0" tests="10" time="1.010" timestamp="2026-02-07T20:46:32.154388+00:00" hostname="agent-env-94f679d6-62b0-4b03-9572-9c6e0da97005"><testcase classname="tests.test_iteration15_shipping_cod.TestCODTokenGeneration" name="test_cod_order_creates_pickup_token" time="0.105" /><testcase classname="tests.test_iteration15_shipping_cod.TestCODTokenGeneration" name="test_non_cod_order_no_pickup_token" time="0.058" /><testcase classname="tests.test_iteration15_shipping_cod.TestRetailFreeShipping" name="test_retail_5_units_has_shipping" time="0.108" /><testcase classname="tests.test_iteration15_shipping_cod.TestRetailFreeShipping" name="test_retail_6_units_free_shipping" time="0.097" /><testcase classname="tests.test_iteration15_shipping_cod.TestRetailFreeShipping" name="test_retail_10_units_free_shipping" time="0.108" /><testcase classname="tests.test_iteration15_shipping_cod.TestWholesaleShipping" name="test_wholesale_1_unit_pays_shipping" time="0.136" /><testcase classname="tests.test_iteration15_shipping_cod.TestWholesaleShipping" name="test_wholesale_6_units_still_pays_shipping" time="0.105" /><testcase classname="tests.test_iteration15_shipping_cod.TestWholesaleShipping" name="test_wholesale_20_units_still_pays_shipping" time="0.083" /><testcase classname="tests.test_iteration15_shipping_cod.TestAPIEndpoints" name="test_health_endpoint" time="0.063" /><testcase classname="tests.test_iteration15_shipping_cod.TestAPIEndpoints" name="test_products_exist" time="0.048" /></testsuite></testsuites>