<?xml version="1.0" encoding="utf-8"?><testsuites name="pytest tests"><testsuite name="pytest" errors="0" failures="0" skipped="0" tests="12" time="0.799" timestamp="2026-02-06T16:09:08.374240+00:00" hostname="agent-env-18501646-b8b2-41df-be6e-4b130b2d7bcd"><testcase classname="backend.tests.test_cod_and_batch.TestCashOnDeliveryFlow" name="test_create_cod_order_generates_token" time="0.102" /><testcase classname="backend.tests.test_cod_and_batch.TestCashOnDeliveryFlow" name="test_cod_order_details_contain_token" time="0.114" /><testcase classname="backend.tests.test_cod_and_batch.TestCashOnDeliveryFlow" name="test_non_cod_order_has_no_token" time="0.036" /><testcase classname="backend.tests.test_cod_and_batch.TestBatchInventoryModule" name="test_create_batch_entry" time="0.043" /><testcase classname="backend.tests.test_cod_and_batch.TestBatchInventoryModule" name="test_list_batch_entries" time="0.039" /><testcase classname="backend.tests.test_cod_and_batch.TestBatchInventoryModule" name="test_get_single_batch" time="0.042" /><testcase classname="backend.tests.test_cod_and_batch.TestBatchInventoryModule" name="test_update_batch_entry" time="0.049" /><testcase classname="backend.tests.test_cod_and_batch.TestBatchInventoryModule" name="test_delete_batch_entry" time="0.096" /><testcase classname="backend.tests.test_cod_and_batch.TestBatchInventoryModule" name="test_filter_batches_by_gender" time="0.036" /><testcase classname="backend.tests.test_cod_and_batch.TestLoginPage" name="test_admin_login" time="0.038" /><testcase classname="backend.tests.test_cod_and_batch.TestLoginPage" name="test_wholesale_login" time="0.038" /><testcase classname="backend.tests.test_cod_and_batch.TestLoginPage" name="test_invalid_login" time="0.035" /></testsuite></testsuites>