<?xml version="1.0" encoding="utf-8"?><testsuites name="pytest tests"><testsuite name="pytest" errors="0" failures="0" skipped="0" tests="9" time="0.976" timestamp="2026-01-30T20:46:52.172056+00:00" hostname="agent-env-ab5597f7-42e8-424d-b5e9-ea6a00185a31"><testcase classname="backend.tests.test_wompi_pse_flow.TestWOMPIConfig" name="test_wompi_config_returns_production_key" time="0.073" /><testcase classname="backend.tests.test_wompi_pse_flow.TestPaymentAttemptRegistration" name="test_register_payment_attempt_success" time="0.046" /><testcase classname="backend.tests.test_wompi_pse_flow.TestPaymentAttemptRegistration" name="test_duplicate_reference_rejected" time="0.110" /><testcase classname="backend.tests.test_wompi_pse_flow.TestPaymentAttemptRegistration" name="test_multiple_unique_references_allowed" time="0.420" /><testcase classname="backend.tests.test_wompi_pse_flow.TestPaymentVerification" name="test_verify_existing_payment" time="0.073" /><testcase classname="backend.tests.test_wompi_pse_flow.TestPaymentVerification" name="test_verify_nonexistent_payment" time="0.038" /><testcase classname="backend.tests.test_wompi_pse_flow.TestUniqueReferencePattern" name="test_reference_format" time="0.000" /><testcase classname="backend.tests.test_wompi_pse_flow.TestUniqueReferencePattern" name="test_references_are_unique" time="0.000" /><testcase classname="backend.tests.test_wompi_pse_flow.TestOrderCreation" name="test_create_order_for_payment" time="0.132" /></testsuite></testsuites>