<?xml version="1.0" encoding="utf-8"?><testsuites name="pytest tests"><testsuite name="pytest" errors="0" failures="0" skipped="0" tests="12" time="0.967" timestamp="2026-01-30T19:57:42.008508+00:00" hostname="agent-env-ab5597f7-42e8-424d-b5e9-ea6a00185a31"><testcase classname="backend.tests.test_new_features.TestWOMPIConfig" name="test_wompi_config_returns_production_key" time="0.077" /><testcase classname="backend.tests.test_new_features.TestProductColors" name="test_update_product_with_colors" time="0.169" /><testcase classname="backend.tests.test_new_features.TestProductColors" name="test_public_product_api_returns_colors" time="0.075" /><testcase classname="backend.tests.test_new_features.TestProductImages" name="test_product_has_images_structure" time="0.035" /><testcase classname="backend.tests.test_new_features.TestProductImages" name="test_product_detail_returns_all_images" time="0.080" /><testcase classname="backend.tests.test_new_features.TestWholesaleTiers" name="test_get_wholesale_tiers" time="0.043" /><testcase classname="backend.tests.test_new_features.TestWholesaleTiers" name="test_update_wholesale_tiers" time="0.081" /><testcase classname="backend.tests.test_new_features.TestWholesaleTiers" name="test_wholesale_tier_discount_values" time="0.037" /><testcase classname="backend.tests.test_new_features.TestProductUpdate" name="test_update_product_saves_all_fields" time="0.121" /><testcase classname="backend.tests.test_new_features.TestAuthAndPermissions" name="test_admin_login" time="0.036" /><testcase classname="backend.tests.test_new_features.TestAuthAndPermissions" name="test_wholesale_tiers_requires_auth" time="0.039" /><testcase classname="backend.tests.test_new_features.TestAuthAndPermissions" name="test_product_update_requires_auth" time="0.073" /></testsuite></testsuites>