<?xml version="1.0" encoding="utf-8"?><testsuites name="pytest tests"><testsuite name="pytest" errors="0" failures="0" skipped="0" tests="10" time="0.842" timestamp="2026-02-07T21:19:22.073204+00:00" hostname="agent-env-94f679d6-62b0-4b03-9572-9c6e0da97005"><testcase classname="backend.tests.test_payment_flows_iter16.TestWompiConfig" name="test_wompi_config_endpoint" time="0.073" /><testcase classname="backend.tests.test_payment_flows_iter16.TestPSEBanks" name="test_pse_banks_endpoint" time="0.271" /><testcase classname="backend.tests.test_payment_flows_iter16.TestOrderCreation" name="test_create_order_pse" time="0.050" /><testcase classname="backend.tests.test_payment_flows_iter16.TestOrderCreation" name="test_create_order_credit_card" time="0.039" /><testcase classname="backend.tests.test_payment_flows_iter16.TestOrderCreation" name="test_create_order_bank_transfer" time="0.043" /><testcase classname="backend.tests.test_payment_flows_iter16.TestOrderCreation" name="test_create_order_cod_generates_token" time="0.042" /><testcase classname="backend.tests.test_payment_flows_iter16.TestCODTokenValidation" name="test_validate_valid_token" time="0.075" /><testcase classname="backend.tests.test_payment_flows_iter16.TestCODTokenValidation" name="test_validate_invalid_token" time="0.034" /><testcase classname="backend.tests.test_payment_flows_iter16.TestOrderRetrieval" name="test_get_order_by_id" time="0.071" /><testcase classname="backend.tests.test_payment_flows_iter16.TestCheckPendingPayment" name="test_check_no_pending_payment" time="0.045" /></testsuite></testsuites>