<?xml version="1.0" encoding="utf-8"?><testsuites name="pytest tests"><testsuite name="pytest" errors="0" failures="0" skipped="0" tests="13" time="1.309" timestamp="2026-02-06T19:47:17.353013+00:00" hostname="agent-env-18501646-b8b2-41df-be6e-4b130b2d7bcd"><testcase classname="backend.tests.test_iteration12.TestAdminAuth" name="test_admin_login" time="0.119" /><testcase classname="backend.tests.test_iteration12.TestOrdersWithCOD" name="test_get_orders" time="0.099" /><testcase classname="backend.tests.test_iteration12.TestOrdersWithCOD" name="test_create_cod_order" time="0.128" /><testcase classname="backend.tests.test_iteration12.TestBannersAPI" name="test_get_public_banners" time="0.042" /><testcase classname="backend.tests.test_iteration12.TestBannersAPI" name="test_get_admin_banners" time="0.073" /><testcase classname="backend.tests.test_iteration12.TestBannersAPI" name="test_create_banner" time="0.090" /><testcase classname="backend.tests.test_iteration12.TestBannersAPI" name="test_update_banner" time="0.234" /><testcase classname="backend.tests.test_iteration12.TestBannersAPI" name="test_delete_banner" time="0.117" /><testcase classname="backend.tests.test_iteration12.TestBankDetails" name="test_bank_transfer_order" time="0.039" /><testcase classname="backend.tests.test_iteration12.TestProductsAPI" name="test_featured_products" time="0.041" /><testcase classname="backend.tests.test_iteration12.TestProductsAPI" name="test_on_sale_products" time="0.041" /><testcase classname="backend.tests.test_iteration12.TestProductsAPI" name="test_seasonal_products" time="0.039" /><testcase classname="backend.tests.test_iteration12.TestCleanup" name="test_cleanup_test_banners" time="0.118" /></testsuite></testsuites>